<?xml version="1.0" encoding="UTF-8"?>
<testng-results ignored="0" total="4" passed="0" failed="0" skipped="4">
  <reporter-output>
  </reporter-output>
  <suite started-at="2022-03-05T23:19:21 IST" name="ARCFacilitiesSuit" finished-at="2022-03-05T23:19:21 IST" duration-ms="607">
    <groups>
    </groups>
    <test started-at="2022-03-05T23:19:21 IST" name="ValidateFileUploadFeature" finished-at="2022-03-05T23:19:21 IST" duration-ms="271">
      <class name="com.arc.testcases.FileUpload_Validation">
        <test-method is-config="true" signature="launchWebsite(java.lang.String)[pri:0, instance:com.arc.testcases.FileUpload_Validation@2418ba04]" started-at="2022-03-05T23:19:21 IST" name="launchWebsite" finished-at="1970-01-01T05:30:00 IST" duration-ms="-1646502561044" status="SKIP">
          <reporter-output>
          </reporter-output>
        </test-method> <!-- launchWebsite -->
        <test-method signature="doLogin(java.lang.String)[pri:0, instance:com.arc.testcases.FileUpload_Validation@2418ba04]" started-at="2022-03-05T23:19:21 IST" name="doLogin" finished-at="2022-03-05T23:19:21 IST" duration-ms="0" status="SKIP">
          <reporter-output>
          </reporter-output>
        </test-method> <!-- doLogin -->
        <test-method signature="createFolder(java.lang.String, java.lang.String)[pri:1, instance:com.arc.testcases.FileUpload_Validation@2418ba04]" started-at="2022-03-05T23:19:21 IST" name="createFolder" finished-at="2022-03-05T23:19:21 IST" duration-ms="0" status="SKIP">
          <reporter-output>
          </reporter-output>
        </test-method> <!-- createFolder -->
        <test-method is-config="true" signature="tearDown()[pri:0, instance:com.arc.testcases.FileUpload_Validation@2418ba04]" started-at="2022-03-05T23:19:21 IST" name="tearDown" finished-at="1970-01-01T05:30:00 IST" duration-ms="-1646502561271" status="SKIP">
          <reporter-output>
          </reporter-output>
        </test-method> <!-- tearDown -->
      </class> <!-- com.arc.testcases.FileUpload_Validation -->
    </test> <!-- ValidateFileUploadFeature -->
    <test started-at="2022-03-05T23:19:21 IST" name="ValidateThePin" finished-at="2022-03-05T23:19:21 IST" duration-ms="38">
      <class name="com.arc.testcasesSecond.VerifyPin">
        <test-method is-config="true" signature="tearUp(java.lang.String, java.lang.String, java.lang.String)[pri:0, instance:com.arc.testcasesSecond.VerifyPin@27df0f3d]" started-at="2022-03-05T23:19:19 IST" name="tearUp" description="Launching the browser" finished-at="2022-03-05T23:19:20 IST" duration-ms="1248" status="FAIL">
          <params>
            <param index="0">
              <value>
                <![CDATA[C:\\Users\\sabose\\eclipse-workspace\\ARCE2EProject\\Data_Input.json]]>
              </value>
            </param>
            <param index="1">
              <value>
                <![CDATA[C:\\Users\\sabose\\eclipse-workspace\\ARCE2EProject\\src\\test\\java\\commons\\SystemServer.properties]]>
              </value>
            </param>
            <param index="2">
              <value>
                <![CDATA[C:\\Users\\sabose\\eclipse-workspace\\ARCE2EProject\\config\\Logs\\log4j.properties]]>
              </value>
            </param>
          </params>
          <exception class="org.openqa.selenium.InvalidArgumentException">
            <message>
              <![CDATA[invalid argument: user data directory is already in use, please specify a unique value for --user-data-dir argument, or don't use --user-data-dir
Build info: version: '3.141.59', revision: 'e82be7d358', time: '2018-11-14T08:17:03'
System info: host: 'CCU-SABOSE', ip: '10.22.46.131', os.name: 'Windows 10', os.arch: 'amd64', os.version: '10.0', java.version: '11.0.10'
Driver info: driver.version: ChromeDriver
remote stacktrace: Backtrace:
Ordinal0 [0x01227AC3+2587331]
Ordinal0 [0x011BADD1+2141649]
Ordinal0 [0x010B3BB8+1063864]
Ordinal0 [0x010D03F7+1180663]
Ordinal0 [0x010CCC51+1166417]
Ordinal0 [0x010FD12F+1364271]
Ordinal0 [0x010FCD5A+1363290]
Ordinal0 [0x010F84A6+1344678]
Ordinal0 [0x010D53F6+1201142]
Ordinal0 [0x010D62E6+1204966]
GetHandleVerifier [0x013CDF22+1680738]
GetHandleVerifier [0x01480DBC+2413564]
GetHandleVerifier [0x012BD151+563089]
GetHandleVerifier [0x012BBF13+558419]
Ordinal0 [0x011C081E+2164766]
Ordinal0 [0x011C5508+2184456]
Ordinal0 [0x011C5650+2184784]
Ordinal0 [0x011CF5BC+2225596]
BaseThreadInitThunk [0x750CFA29+25]
RtlGetAppContainerNamedObjectPath [0x77257A9E+286]
RtlGetAppContainerNamedObjectPath [0x77257A6E+238]
]]>
            </message>
            <full-stacktrace>
              <![CDATA[org.openqa.selenium.InvalidArgumentException: invalid argument: user data directory is already in use, please specify a unique value for --user-data-dir argument, or don't use --user-data-dir
Build info: version: '3.141.59', revision: 'e82be7d358', time: '2018-11-14T08:17:03'
System info: host: 'CCU-SABOSE', ip: '10.22.46.131', os.name: 'Windows 10', os.arch: 'amd64', os.version: '10.0', java.version: '11.0.10'
Driver info: driver.version: ChromeDriver
remote stacktrace: Backtrace:
Ordinal0 [0x01227AC3+2587331]
Ordinal0 [0x011BADD1+2141649]
Ordinal0 [0x010B3BB8+1063864]
Ordinal0 [0x010D03F7+1180663]
Ordinal0 [0x010CCC51+1166417]
Ordinal0 [0x010FD12F+1364271]
Ordinal0 [0x010FCD5A+1363290]
Ordinal0 [0x010F84A6+1344678]
Ordinal0 [0x010D53F6+1201142]
Ordinal0 [0x010D62E6+1204966]
GetHandleVerifier [0x013CDF22+1680738]
GetHandleVerifier [0x01480DBC+2413564]
GetHandleVerifier [0x012BD151+563089]
GetHandleVerifier [0x012BBF13+558419]
Ordinal0 [0x011C081E+2164766]
Ordinal0 [0x011C5508+2184456]
Ordinal0 [0x011C5650+2184784]
Ordinal0 [0x011CF5BC+2225596]
BaseThreadInitThunk [0x750CFA29+25]
RtlGetAppContainerNamedObjectPath [0x77257A9E+286]
RtlGetAppContainerNamedObjectPath [0x77257A6E+238]

at java.base/jdk.internal.reflect.NativeConstructorAccessorImpl.newInstance0(Native Method)
at java.base/jdk.internal.reflect.NativeConstructorAccessorImpl.newInstance(NativeConstructorAccessorImpl.java:62)
at java.base/jdk.internal.reflect.DelegatingConstructorAccessorImpl.newInstance(DelegatingConstructorAccessorImpl.java:45)
at java.base/java.lang.reflect.Constructor.newInstance(Constructor.java:490)
at org.openqa.selenium.remote.W3CHandshakeResponse.lambda$errorHandler$0(W3CHandshakeResponse.java:62)
at org.openqa.selenium.remote.HandshakeResponse.lambda$getResponseFunction$0(HandshakeResponse.java:30)
at org.openqa.selenium.remote.ProtocolHandshake.lambda$createSession$0(ProtocolHandshake.java:126)
at java.base/java.util.stream.ReferencePipeline$3$1.accept(ReferencePipeline.java:195)
at java.base/java.util.Spliterators$ArraySpliterator.tryAdvance(Spliterators.java:958)
at java.base/java.util.stream.ReferencePipeline.forEachWithCancel(ReferencePipeline.java:127)
at java.base/java.util.stream.AbstractPipeline.copyIntoWithCancel(AbstractPipeline.java:502)
at java.base/java.util.stream.AbstractPipeline.copyInto(AbstractPipeline.java:488)
at java.base/java.util.stream.AbstractPipeline.wrapAndCopyInto(AbstractPipeline.java:474)
at java.base/java.util.stream.FindOps$FindOp.evaluateSequential(FindOps.java:150)
at java.base/java.util.stream.AbstractPipeline.evaluate(AbstractPipeline.java:234)
at java.base/java.util.stream.ReferencePipeline.findFirst(ReferencePipeline.java:543)
at org.openqa.selenium.remote.ProtocolHandshake.createSession(ProtocolHandshake.java:128)
at org.openqa.selenium.remote.ProtocolHandshake.createSession(ProtocolHandshake.java:74)
at org.openqa.selenium.remote.HttpCommandExecutor.execute(HttpCommandExecutor.java:136)
at org.openqa.selenium.remote.service.DriverCommandExecutor.execute(DriverCommandExecutor.java:83)
at org.openqa.selenium.remote.RemoteWebDriver.execute(RemoteWebDriver.java:552)
at org.openqa.selenium.remote.RemoteWebDriver.startSession(RemoteWebDriver.java:213)
at org.openqa.selenium.remote.RemoteWebDriver.<init>(RemoteWebDriver.java:131)
at org.openqa.selenium.chrome.ChromeDriver.<init>(ChromeDriver.java:181)
at org.openqa.selenium.chrome.ChromeDriver.<init>(ChromeDriver.java:168)
at com.arc.utils.initBrowser.startBrowser(initBrowser.java:39)
at com.arc.testcasesSecond.VerifyPin.tearUp(VerifyPin.java:58)
at java.base/jdk.internal.reflect.NativeMethodAccessorImpl.invoke0(Native Method)
at java.base/jdk.internal.reflect.NativeMethodAccessorImpl.invoke(NativeMethodAccessorImpl.java:62)
at java.base/jdk.internal.reflect.DelegatingMethodAccessorImpl.invoke(DelegatingMethodAccessorImpl.java:43)
at java.base/java.lang.reflect.Method.invoke(Method.java:566)
at org.testng.internal.MethodInvocationHelper.invokeMethod(MethodInvocationHelper.java:133)
at org.testng.internal.MethodInvocationHelper.invokeMethodConsideringTimeout(MethodInvocationHelper.java:62)
at org.testng.internal.ConfigInvoker.invokeConfigurationMethod(ConfigInvoker.java:340)
at org.testng.internal.ConfigInvoker.invokeConfigurations(ConfigInvoker.java:294)
at org.testng.SuiteRunner.privateRun(SuiteRunner.java:345)
at org.testng.SuiteRunner.run(SuiteRunner.java:304)
at org.testng.SuiteRunnerWorker.runSuite(SuiteRunnerWorker.java:53)
at org.testng.SuiteRunnerWorker.run(SuiteRunnerWorker.java:96)
at org.testng.TestNG.runSuitesSequentially(TestNG.java:1180)
at org.testng.TestNG.runSuitesLocally(TestNG.java:1102)
at org.testng.TestNG.runSuites(TestNG.java:1032)
at org.testng.TestNG.run(TestNG.java:1000)
at org.testng.remote.AbstractRemoteTestNG.run(AbstractRemoteTestNG.java:115)
at org.testng.remote.RemoteTestNG.initAndRun(RemoteTestNG.java:251)
at org.testng.remote.RemoteTestNG.main(RemoteTestNG.java:77)
]]>
            </full-stacktrace>
          </exception> <!-- org.openqa.selenium.InvalidArgumentException -->
          <reporter-output>
          </reporter-output>
        </test-method> <!-- tearUp -->
        <test-method is-config="true" signature="launchWebsite(java.lang.String)[pri:0, instance:com.arc.testcasesSecond.VerifyPin@27df0f3d]" started-at="2022-03-05T23:19:21 IST" name="launchWebsite" finished-at="1970-01-01T05:30:00 IST" duration-ms="-1646502561572" status="SKIP">
          <reporter-output>
          </reporter-output>
        </test-method> <!-- launchWebsite -->
        <test-method signature="doLogin(java.lang.String)[pri:0, instance:com.arc.testcasesSecond.VerifyPin@27df0f3d]" started-at="2022-03-05T23:19:21 IST" name="doLogin" finished-at="2022-03-05T23:19:21 IST" duration-ms="0" status="SKIP">
          <exception class="org.openqa.selenium.InvalidArgumentException">
            <message>
              <![CDATA[invalid argument: user data directory is already in use, please specify a unique value for --user-data-dir argument, or don't use --user-data-dir
Build info: version: '3.141.59', revision: 'e82be7d358', time: '2018-11-14T08:17:03'
System info: host: 'CCU-SABOSE', ip: '10.22.46.131', os.name: 'Windows 10', os.arch: 'amd64', os.version: '10.0', java.version: '11.0.10'
Driver info: driver.version: ChromeDriver
remote stacktrace: Backtrace:
Ordinal0 [0x01227AC3+2587331]
Ordinal0 [0x011BADD1+2141649]
Ordinal0 [0x010B3BB8+1063864]
Ordinal0 [0x010D03F7+1180663]
Ordinal0 [0x010CCC51+1166417]
Ordinal0 [0x010FD12F+1364271]
Ordinal0 [0x010FCD5A+1363290]
Ordinal0 [0x010F84A6+1344678]
Ordinal0 [0x010D53F6+1201142]
Ordinal0 [0x010D62E6+1204966]
GetHandleVerifier [0x013CDF22+1680738]
GetHandleVerifier [0x01480DBC+2413564]
GetHandleVerifier [0x012BD151+563089]
GetHandleVerifier [0x012BBF13+558419]
Ordinal0 [0x011C081E+2164766]
Ordinal0 [0x011C5508+2184456]
Ordinal0 [0x011C5650+2184784]
Ordinal0 [0x011CF5BC+2225596]
BaseThreadInitThunk [0x750CFA29+25]
RtlGetAppContainerNamedObjectPath [0x77257A9E+286]
RtlGetAppContainerNamedObjectPath [0x77257A6E+238]
]]>
            </message>
            <full-stacktrace>
              <![CDATA[org.openqa.selenium.InvalidArgumentException: invalid argument: user data directory is already in use, please specify a unique value for --user-data-dir argument, or don't use --user-data-dir
Build info: version: '3.141.59', revision: 'e82be7d358', time: '2018-11-14T08:17:03'
System info: host: 'CCU-SABOSE', ip: '10.22.46.131', os.name: 'Windows 10', os.arch: 'amd64', os.version: '10.0', java.version: '11.0.10'
Driver info: driver.version: ChromeDriver
remote stacktrace: Backtrace:
Ordinal0 [0x01227AC3+2587331]
Ordinal0 [0x011BADD1+2141649]
Ordinal0 [0x010B3BB8+1063864]
Ordinal0 [0x010D03F7+1180663]
Ordinal0 [0x010CCC51+1166417]
Ordinal0 [0x010FD12F+1364271]
Ordinal0 [0x010FCD5A+1363290]
Ordinal0 [0x010F84A6+1344678]
Ordinal0 [0x010D53F6+1201142]
Ordinal0 [0x010D62E6+1204966]
GetHandleVerifier [0x013CDF22+1680738]
GetHandleVerifier [0x01480DBC+2413564]
GetHandleVerifier [0x012BD151+563089]
GetHandleVerifier [0x012BBF13+558419]
Ordinal0 [0x011C081E+2164766]
Ordinal0 [0x011C5508+2184456]
Ordinal0 [0x011C5650+2184784]
Ordinal0 [0x011CF5BC+2225596]
BaseThreadInitThunk [0x750CFA29+25]
RtlGetAppContainerNamedObjectPath [0x77257A9E+286]
RtlGetAppContainerNamedObjectPath [0x77257A6E+238]

at java.base/jdk.internal.reflect.NativeConstructorAccessorImpl.newInstance0(Native Method)
at java.base/jdk.internal.reflect.NativeConstructorAccessorImpl.newInstance(NativeConstructorAccessorImpl.java:62)
at java.base/jdk.internal.reflect.DelegatingConstructorAccessorImpl.newInstance(DelegatingConstructorAccessorImpl.java:45)
at java.base/java.lang.reflect.Constructor.newInstance(Constructor.java:490)
at org.openqa.selenium.remote.W3CHandshakeResponse.lambda$errorHandler$0(W3CHandshakeResponse.java:62)
at org.openqa.selenium.remote.HandshakeResponse.lambda$getResponseFunction$0(HandshakeResponse.java:30)
at org.openqa.selenium.remote.ProtocolHandshake.lambda$createSession$0(ProtocolHandshake.java:126)
at java.base/java.util.stream.ReferencePipeline$3$1.accept(ReferencePipeline.java:195)
at java.base/java.util.Spliterators$ArraySpliterator.tryAdvance(Spliterators.java:958)
at java.base/java.util.stream.ReferencePipeline.forEachWithCancel(ReferencePipeline.java:127)
at java.base/java.util.stream.AbstractPipeline.copyIntoWithCancel(AbstractPipeline.java:502)
at java.base/java.util.stream.AbstractPipeline.copyInto(AbstractPipeline.java:488)
at java.base/java.util.stream.AbstractPipeline.wrapAndCopyInto(AbstractPipeline.java:474)
at java.base/java.util.stream.FindOps$FindOp.evaluateSequential(FindOps.java:150)
at java.base/java.util.stream.AbstractPipeline.evaluate(AbstractPipeline.java:234)
at java.base/java.util.stream.ReferencePipeline.findFirst(ReferencePipeline.java:543)
at org.openqa.selenium.remote.ProtocolHandshake.createSession(ProtocolHandshake.java:128)
at org.openqa.selenium.remote.ProtocolHandshake.createSession(ProtocolHandshake.java:74)
at org.openqa.selenium.remote.HttpCommandExecutor.execute(HttpCommandExecutor.java:136)
at org.openqa.selenium.remote.service.DriverCommandExecutor.execute(DriverCommandExecutor.java:83)
at org.openqa.selenium.remote.RemoteWebDriver.execute(RemoteWebDriver.java:552)
at org.openqa.selenium.remote.RemoteWebDriver.startSession(RemoteWebDriver.java:213)
at org.openqa.selenium.remote.RemoteWebDriver.<init>(RemoteWebDriver.java:131)
at org.openqa.selenium.chrome.ChromeDriver.<init>(ChromeDriver.java:181)
at org.openqa.selenium.chrome.ChromeDriver.<init>(ChromeDriver.java:168)
at com.arc.utils.initBrowser.startBrowser(initBrowser.java:39)
at com.arc.testcasesSecond.VerifyPin.tearUp(VerifyPin.java:58)
at java.base/jdk.internal.reflect.NativeMethodAccessorImpl.invoke0(Native Method)
at java.base/jdk.internal.reflect.NativeMethodAccessorImpl.invoke(NativeMethodAccessorImpl.java:62)
at java.base/jdk.internal.reflect.DelegatingMethodAccessorImpl.invoke(DelegatingMethodAccessorImpl.java:43)
at java.base/java.lang.reflect.Method.invoke(Method.java:566)
at org.testng.internal.MethodInvocationHelper.invokeMethod(MethodInvocationHelper.java:133)
at org.testng.internal.MethodInvocationHelper.invokeMethodConsideringTimeout(MethodInvocationHelper.java:62)
at org.testng.internal.ConfigInvoker.invokeConfigurationMethod(ConfigInvoker.java:340)
at org.testng.internal.ConfigInvoker.invokeConfigurations(ConfigInvoker.java:294)
at org.testng.SuiteRunner.privateRun(SuiteRunner.java:345)
at org.testng.SuiteRunner.run(SuiteRunner.java:304)
at org.testng.SuiteRunnerWorker.runSuite(SuiteRunnerWorker.java:53)
at org.testng.SuiteRunnerWorker.run(SuiteRunnerWorker.java:96)
at org.testng.TestNG.runSuitesSequentially(TestNG.java:1180)
at org.testng.TestNG.runSuitesLocally(TestNG.java:1102)
at org.testng.TestNG.runSuites(TestNG.java:1032)
at org.testng.TestNG.run(TestNG.java:1000)
at org.testng.remote.AbstractRemoteTestNG.run(AbstractRemoteTestNG.java:115)
at org.testng.remote.RemoteTestNG.initAndRun(RemoteTestNG.java:251)
at org.testng.remote.RemoteTestNG.main(RemoteTestNG.java:77)
]]>
            </full-stacktrace>
          </exception> <!-- org.openqa.selenium.InvalidArgumentException -->
          <reporter-output>
          </reporter-output>
        </test-method> <!-- doLogin -->
        <test-method signature="goToFolder()[pri:0, instance:com.arc.testcasesSecond.VerifyPin@27df0f3d]" started-at="2022-03-05T23:19:21 IST" name="goToFolder" finished-at="2022-03-05T23:19:21 IST" duration-ms="0" status="SKIP">
          <exception class="org.openqa.selenium.InvalidArgumentException">
            <message>
              <![CDATA[invalid argument: user data directory is already in use, please specify a unique value for --user-data-dir argument, or don't use --user-data-dir
Build info: version: '3.141.59', revision: 'e82be7d358', time: '2018-11-14T08:17:03'
System info: host: 'CCU-SABOSE', ip: '10.22.46.131', os.name: 'Windows 10', os.arch: 'amd64', os.version: '10.0', java.version: '11.0.10'
Driver info: driver.version: ChromeDriver
remote stacktrace: Backtrace:
Ordinal0 [0x01227AC3+2587331]
Ordinal0 [0x011BADD1+2141649]
Ordinal0 [0x010B3BB8+1063864]
Ordinal0 [0x010D03F7+1180663]
Ordinal0 [0x010CCC51+1166417]
Ordinal0 [0x010FD12F+1364271]
Ordinal0 [0x010FCD5A+1363290]
Ordinal0 [0x010F84A6+1344678]
Ordinal0 [0x010D53F6+1201142]
Ordinal0 [0x010D62E6+1204966]
GetHandleVerifier [0x013CDF22+1680738]
GetHandleVerifier [0x01480DBC+2413564]
GetHandleVerifier [0x012BD151+563089]
GetHandleVerifier [0x012BBF13+558419]
Ordinal0 [0x011C081E+2164766]
Ordinal0 [0x011C5508+2184456]
Ordinal0 [0x011C5650+2184784]
Ordinal0 [0x011CF5BC+2225596]
BaseThreadInitThunk [0x750CFA29+25]
RtlGetAppContainerNamedObjectPath [0x77257A9E+286]
RtlGetAppContainerNamedObjectPath [0x77257A6E+238]
]]>
            </message>
            <full-stacktrace>
              <![CDATA[org.openqa.selenium.InvalidArgumentException: invalid argument: user data directory is already in use, please specify a unique value for --user-data-dir argument, or don't use --user-data-dir
Build info: version: '3.141.59', revision: 'e82be7d358', time: '2018-11-14T08:17:03'
System info: host: 'CCU-SABOSE', ip: '10.22.46.131', os.name: 'Windows 10', os.arch: 'amd64', os.version: '10.0', java.version: '11.0.10'
Driver info: driver.version: ChromeDriver
remote stacktrace: Backtrace:
Ordinal0 [0x01227AC3+2587331]
Ordinal0 [0x011BADD1+2141649]
Ordinal0 [0x010B3BB8+1063864]
Ordinal0 [0x010D03F7+1180663]
Ordinal0 [0x010CCC51+1166417]
Ordinal0 [0x010FD12F+1364271]
Ordinal0 [0x010FCD5A+1363290]
Ordinal0 [0x010F84A6+1344678]
Ordinal0 [0x010D53F6+1201142]
Ordinal0 [0x010D62E6+1204966]
GetHandleVerifier [0x013CDF22+1680738]
GetHandleVerifier [0x01480DBC+2413564]
GetHandleVerifier [0x012BD151+563089]
GetHandleVerifier [0x012BBF13+558419]
Ordinal0 [0x011C081E+2164766]
Ordinal0 [0x011C5508+2184456]
Ordinal0 [0x011C5650+2184784]
Ordinal0 [0x011CF5BC+2225596]
BaseThreadInitThunk [0x750CFA29+25]
RtlGetAppContainerNamedObjectPath [0x77257A9E+286]
RtlGetAppContainerNamedObjectPath [0x77257A6E+238]

at java.base/jdk.internal.reflect.NativeConstructorAccessorImpl.newInstance0(Native Method)
at java.base/jdk.internal.reflect.NativeConstructorAccessorImpl.newInstance(NativeConstructorAccessorImpl.java:62)
at java.base/jdk.internal.reflect.DelegatingConstructorAccessorImpl.newInstance(DelegatingConstructorAccessorImpl.java:45)
at java.base/java.lang.reflect.Constructor.newInstance(Constructor.java:490)
at org.openqa.selenium.remote.W3CHandshakeResponse.lambda$errorHandler$0(W3CHandshakeResponse.java:62)
at org.openqa.selenium.remote.HandshakeResponse.lambda$getResponseFunction$0(HandshakeResponse.java:30)
at org.openqa.selenium.remote.ProtocolHandshake.lambda$createSession$0(ProtocolHandshake.java:126)
at java.base/java.util.stream.ReferencePipeline$3$1.accept(ReferencePipeline.java:195)
at java.base/java.util.Spliterators$ArraySpliterator.tryAdvance(Spliterators.java:958)
at java.base/java.util.stream.ReferencePipeline.forEachWithCancel(ReferencePipeline.java:127)
at java.base/java.util.stream.AbstractPipeline.copyIntoWithCancel(AbstractPipeline.java:502)
at java.base/java.util.stream.AbstractPipeline.copyInto(AbstractPipeline.java:488)
at java.base/java.util.stream.AbstractPipeline.wrapAndCopyInto(AbstractPipeline.java:474)
at java.base/java.util.stream.FindOps$FindOp.evaluateSequential(FindOps.java:150)
at java.base/java.util.stream.AbstractPipeline.evaluate(AbstractPipeline.java:234)
at java.base/java.util.stream.ReferencePipeline.findFirst(ReferencePipeline.java:543)
at org.openqa.selenium.remote.ProtocolHandshake.createSession(ProtocolHandshake.java:128)
at org.openqa.selenium.remote.ProtocolHandshake.createSession(ProtocolHandshake.java:74)
at org.openqa.selenium.remote.HttpCommandExecutor.execute(HttpCommandExecutor.java:136)
at org.openqa.selenium.remote.service.DriverCommandExecutor.execute(DriverCommandExecutor.java:83)
at org.openqa.selenium.remote.RemoteWebDriver.execute(RemoteWebDriver.java:552)
at org.openqa.selenium.remote.RemoteWebDriver.startSession(RemoteWebDriver.java:213)
at org.openqa.selenium.remote.RemoteWebDriver.<init>(RemoteWebDriver.java:131)
at org.openqa.selenium.chrome.ChromeDriver.<init>(ChromeDriver.java:181)
at org.openqa.selenium.chrome.ChromeDriver.<init>(ChromeDriver.java:168)
at com.arc.utils.initBrowser.startBrowser(initBrowser.java:39)
at com.arc.testcasesSecond.VerifyPin.tearUp(VerifyPin.java:58)
at java.base/jdk.internal.reflect.NativeMethodAccessorImpl.invoke0(Native Method)
at java.base/jdk.internal.reflect.NativeMethodAccessorImpl.invoke(NativeMethodAccessorImpl.java:62)
at java.base/jdk.internal.reflect.DelegatingMethodAccessorImpl.invoke(DelegatingMethodAccessorImpl.java:43)
at java.base/java.lang.reflect.Method.invoke(Method.java:566)
at org.testng.internal.MethodInvocationHelper.invokeMethod(MethodInvocationHelper.java:133)
at org.testng.internal.MethodInvocationHelper.invokeMethodConsideringTimeout(MethodInvocationHelper.java:62)
at org.testng.internal.ConfigInvoker.invokeConfigurationMethod(ConfigInvoker.java:340)
at org.testng.internal.ConfigInvoker.invokeConfigurations(ConfigInvoker.java:294)
at org.testng.SuiteRunner.privateRun(SuiteRunner.java:345)
at org.testng.SuiteRunner.run(SuiteRunner.java:304)
at org.testng.SuiteRunnerWorker.runSuite(SuiteRunnerWorker.java:53)
at org.testng.SuiteRunnerWorker.run(SuiteRunnerWorker.java:96)
at org.testng.TestNG.runSuitesSequentially(TestNG.java:1180)
at org.testng.TestNG.runSuitesLocally(TestNG.java:1102)
at org.testng.TestNG.runSuites(TestNG.java:1032)
at org.testng.TestNG.run(TestNG.java:1000)
at org.testng.remote.AbstractRemoteTestNG.run(AbstractRemoteTestNG.java:115)
at org.testng.remote.RemoteTestNG.initAndRun(RemoteTestNG.java:251)
at org.testng.remote.RemoteTestNG.main(RemoteTestNG.java:77)
]]>
            </full-stacktrace>
          </exception> <!-- org.openqa.selenium.InvalidArgumentException -->
          <reporter-output>
          </reporter-output>
        </test-method> <!-- goToFolder -->
        <test-method is-config="true" signature="tearDown()[pri:0, instance:com.arc.testcasesSecond.VerifyPin@27df0f3d]" started-at="2022-03-05T23:19:21 IST" name="tearDown" finished-at="1970-01-01T05:30:00 IST" duration-ms="-1646502561606" status="SKIP">
          <reporter-output>
          </reporter-output>
        </test-method> <!-- tearDown -->
      </class> <!-- com.arc.testcasesSecond.VerifyPin -->
      <class name="com.arc.testcases.FileUpload_Validation">
        <test-method is-config="true" signature="tearUp(java.lang.String, java.lang.String, java.lang.String)[pri:0, instance:com.arc.testcases.FileUpload_Validation@2418ba04]" started-at="2022-03-05T23:19:14 IST" name="tearUp" description="Launching the browser" finished-at="2022-03-05T23:19:19 IST" duration-ms="4253" status="PASS">
          <params>
            <param index="0">
              <value>
                <![CDATA[C:\\Users\\sabose\\eclipse-workspace\\ARCE2EProject\\Data_Input.json]]>
              </value>
            </param>
            <param index="1">
              <value>
                <![CDATA[C:\\Users\\sabose\\eclipse-workspace\\ARCE2EProject\\src\\test\\java\\commons\\SystemServer.properties]]>
              </value>
            </param>
            <param index="2">
              <value>
                <![CDATA[C:\\Users\\sabose\\eclipse-workspace\\ARCE2EProject\\config\\Logs\\log4j.properties]]>
              </value>
            </param>
          </params>
          <reporter-output>
          </reporter-output>
        </test-method> <!-- tearUp -->
      </class> <!-- com.arc.testcases.FileUpload_Validation -->
    </test> <!-- ValidateThePin -->
  </suite> <!-- ARCFacilitiesSuit -->
</testng-results>
