<?xml version="1.0" encoding="UTF-8"?>
<!-- Generated by org.testng.reporters.JUnitReportReporter -->
<testsuite hostname="CCU-SABOSE" failures="0" tests="3" name="com.arc.testcasesSecond.VerifyPin" time="1.248" errors="1" timestamp="2022-03-05T23:19:22 IST" skipped="2">
  <testcase classname="com.arc.testcasesSecond.VerifyPin" name="tearUp" time="1.248">
    <error message="invalid argument: user data directory is already in use, please specify a unique value for --user-data-dir argument, or don&#039;t use --user-data-dir
Build info: version: &#039;3.141.59&#039;, revision: &#039;e82be7d358&#039;, time: &#039;2018-11-14T08:17:03&#039;
System info: host: &#039;CCU-SABOSE&#039;, ip: &#039;10.22.46.131&#039;, os.name: &#039;Windows 10&#039;, os.arch: &#039;amd64&#039;, os.version: &#039;10.0&#039;, java.version: &#039;11.0.10&#039;
Driver info: driver.version: ChromeDriver
remote stacktrace: Backtrace:
	Ordinal0 [0x01227AC3+2587331]
	Ordinal0 [0x011BADD1+2141649]
	Ordinal0 [0x010B3BB8+1063864]
	Ordinal0 [0x010D03F7+1180663]
	Ordinal0 [0x010CCC51+1166417]
	Ordinal0 [0x010FD12F+1364271]
	Ordinal0 [0x010FCD5A+1363290]
	Ordinal0 [0x010F84A6+1344678]
	Ordinal0 [0x010D53F6+1201142]
	Ordinal0 [0x010D62E6+1204966]
	GetHandleVerifier [0x013CDF22+1680738]
	GetHandleVerifier [0x01480DBC+2413564]
	GetHandleVerifier [0x012BD151+563089]
	GetHandleVerifier [0x012BBF13+558419]
	Ordinal0 [0x011C081E+2164766]
	Ordinal0 [0x011C5508+2184456]
	Ordinal0 [0x011C5650+2184784]
	Ordinal0 [0x011CF5BC+2225596]
	BaseThreadInitThunk [0x750CFA29+25]
	RtlGetAppContainerNamedObjectPath [0x77257A9E+286]
	RtlGetAppContainerNamedObjectPath [0x77257A6E+238]
" type="org.openqa.selenium.InvalidArgumentException">
      <![CDATA[org.openqa.selenium.InvalidArgumentException: invalid argument: user data directory is already in use, please specify a unique value for --user-data-dir argument, or don't use --user-data-dir
Build info: version: '3.141.59', revision: 'e82be7d358', time: '2018-11-14T08:17:03'
System info: host: 'CCU-SABOSE', ip: '10.22.46.131', os.name: 'Windows 10', os.arch: 'amd64', os.version: '10.0', java.version: '11.0.10'
Driver info: driver.version: ChromeDriver
remote stacktrace: Backtrace:
Ordinal0 [0x01227AC3+2587331]
Ordinal0 [0x011BADD1+2141649]
Ordinal0 [0x010B3BB8+1063864]
Ordinal0 [0x010D03F7+1180663]
Ordinal0 [0x010CCC51+1166417]
Ordinal0 [0x010FD12F+1364271]
Ordinal0 [0x010FCD5A+1363290]
Ordinal0 [0x010F84A6+1344678]
Ordinal0 [0x010D53F6+1201142]
Ordinal0 [0x010D62E6+1204966]
GetHandleVerifier [0x013CDF22+1680738]
GetHandleVerifier [0x01480DBC+2413564]
GetHandleVerifier [0x012BD151+563089]
GetHandleVerifier [0x012BBF13+558419]
Ordinal0 [0x011C081E+2164766]
Ordinal0 [0x011C5508+2184456]
Ordinal0 [0x011C5650+2184784]
Ordinal0 [0x011CF5BC+2225596]
BaseThreadInitThunk [0x750CFA29+25]
RtlGetAppContainerNamedObjectPath [0x77257A9E+286]
RtlGetAppContainerNamedObjectPath [0x77257A6E+238]

at java.base/jdk.internal.reflect.NativeConstructorAccessorImpl.newInstance0(Native Method)
at java.base/jdk.internal.reflect.NativeConstructorAccessorImpl.newInstance(NativeConstructorAccessorImpl.java:62)
at java.base/jdk.internal.reflect.DelegatingConstructorAccessorImpl.newInstance(DelegatingConstructorAccessorImpl.java:45)
at java.base/java.lang.reflect.Constructor.newInstance(Constructor.java:490)
at org.openqa.selenium.remote.W3CHandshakeResponse.lambda$errorHandler$0(W3CHandshakeResponse.java:62)
at org.openqa.selenium.remote.HandshakeResponse.lambda$getResponseFunction$0(HandshakeResponse.java:30)
at org.openqa.selenium.remote.ProtocolHandshake.lambda$createSession$0(ProtocolHandshake.java:126)
at java.base/java.util.stream.ReferencePipeline$3$1.accept(ReferencePipeline.java:195)
at java.base/java.util.Spliterators$ArraySpliterator.tryAdvance(Spliterators.java:958)
at java.base/java.util.stream.ReferencePipeline.forEachWithCancel(ReferencePipeline.java:127)
at java.base/java.util.stream.AbstractPipeline.copyIntoWithCancel(AbstractPipeline.java:502)
at java.base/java.util.stream.AbstractPipeline.copyInto(AbstractPipeline.java:488)
at java.base/java.util.stream.AbstractPipeline.wrapAndCopyInto(AbstractPipeline.java:474)
at java.base/java.util.stream.FindOps$FindOp.evaluateSequential(FindOps.java:150)
at java.base/java.util.stream.AbstractPipeline.evaluate(AbstractPipeline.java:234)
at java.base/java.util.stream.ReferencePipeline.findFirst(ReferencePipeline.java:543)
at org.openqa.selenium.remote.ProtocolHandshake.createSession(ProtocolHandshake.java:128)
at org.openqa.selenium.remote.ProtocolHandshake.createSession(ProtocolHandshake.java:74)
at org.openqa.selenium.remote.HttpCommandExecutor.execute(HttpCommandExecutor.java:136)
at org.openqa.selenium.remote.service.DriverCommandExecutor.execute(DriverCommandExecutor.java:83)
at org.openqa.selenium.remote.RemoteWebDriver.execute(RemoteWebDriver.java:552)
at org.openqa.selenium.remote.RemoteWebDriver.startSession(RemoteWebDriver.java:213)
at org.openqa.selenium.remote.RemoteWebDriver.<init>(RemoteWebDriver.java:131)
at org.openqa.selenium.chrome.ChromeDriver.<init>(ChromeDriver.java:181)
at org.openqa.selenium.chrome.ChromeDriver.<init>(ChromeDriver.java:168)
at com.arc.utils.initBrowser.startBrowser(initBrowser.java:39)
at com.arc.testcasesSecond.VerifyPin.tearUp(VerifyPin.java:58)
at java.base/jdk.internal.reflect.NativeMethodAccessorImpl.invoke0(Native Method)
at java.base/jdk.internal.reflect.NativeMethodAccessorImpl.invoke(NativeMethodAccessorImpl.java:62)
at java.base/jdk.internal.reflect.DelegatingMethodAccessorImpl.invoke(DelegatingMethodAccessorImpl.java:43)
at java.base/java.lang.reflect.Method.invoke(Method.java:566)
at org.testng.internal.MethodInvocationHelper.invokeMethod(MethodInvocationHelper.java:133)
at org.testng.internal.MethodInvocationHelper.invokeMethodConsideringTimeout(MethodInvocationHelper.java:62)
at org.testng.internal.ConfigInvoker.invokeConfigurationMethod(ConfigInvoker.java:340)
at org.testng.internal.ConfigInvoker.invokeConfigurations(ConfigInvoker.java:294)
at org.testng.SuiteRunner.privateRun(SuiteRunner.java:345)
at org.testng.SuiteRunner.run(SuiteRunner.java:304)
at org.testng.SuiteRunnerWorker.runSuite(SuiteRunnerWorker.java:53)
at org.testng.SuiteRunnerWorker.run(SuiteRunnerWorker.java:96)
at org.testng.TestNG.runSuitesSequentially(TestNG.java:1180)
at org.testng.TestNG.runSuitesLocally(TestNG.java:1102)
at org.testng.TestNG.runSuites(TestNG.java:1032)
at org.testng.TestNG.run(TestNG.java:1000)
at org.testng.remote.AbstractRemoteTestNG.run(AbstractRemoteTestNG.java:115)
at org.testng.remote.RemoteTestNG.initAndRun(RemoteTestNG.java:251)
at org.testng.remote.RemoteTestNG.main(RemoteTestNG.java:77)
]]>
    </error>
  </testcase> <!-- tearUp -->
  <testcase classname="com.arc.testcasesSecond.VerifyPin" name="doLogin" time="0.000">
    <skipped/>
  </testcase> <!-- doLogin -->
  <testcase classname="com.arc.testcasesSecond.VerifyPin" name="goToFolder" time="0.000">
    <skipped/>
  </testcase> <!-- goToFolder -->
</testsuite> <!-- com.arc.testcasesSecond.VerifyPin -->
